
/home/runner/work/exp-estimation-of-proteins-dei/exp-estimation-of-proteins-dei/experiment/simulation/js/chart.js
  13:69      warning  'module' is not defined                     no-undef
  13:115     warning  'define' is not defined                     no-undef
  13:126     warning  'define' is not defined                     no-undef
  19:15283   warning  Empty block statement                       no-empty
  19:17281   warning  Expected a 'break' statement before 'case'  no-fallthrough
  19:17487   warning  Expected a 'break' statement before 'case'  no-fallthrough
  19:27248   warning  's' is defined but never used               no-unused-vars
  19:27424   warning  's' is defined but never used               no-unused-vars
  19:29175   warning  't' is defined but never used               no-unused-vars
  19:29226   warning  'e' is defined but never used               no-unused-vars
  19:41611   warning  't' is defined but never used               no-unused-vars
  19:41613   warning  'e' is defined but never used               no-unused-vars
  19:41632   warning  't' is defined but never used               no-unused-vars
  19:41661   warning  't' is defined but never used               no-unused-vars
  19:41663   warning  'e' is defined but never used               no-unused-vars
  19:41665   warning  'i' is defined but never used               no-unused-vars
  19:41689   warning  't' is defined but never used               no-unused-vars
  19:41691   warning  'e' is defined but never used               no-unused-vars
  19:41693   warning  'i' is defined but never used               no-unused-vars
  19:41858   warning  't' is defined but never used               no-unused-vars
  19:41883   warning  't' is defined but never used               no-unused-vars
  19:44514   warning  'e.width' is assigned to itself             no-self-assign
  19:55446   warning  't' is defined but never used               no-unused-vars
  19:59153   warning  't' is defined but never used               no-unused-vars
  19:59155   warning  'e' is defined but never used               no-unused-vars
  19:59157   warning  'i' is defined but never used               no-unused-vars
  19:59159   warning  's' is defined but never used               no-unused-vars
  19:63320   warning  'e' is defined but never used               no-unused-vars
  19:70899   warning  't' is defined but never used               no-unused-vars
  19:70901   warning  'e' is defined but never used               no-unused-vars
  19:70932   warning  't' is defined but never used               no-unused-vars
  19:138440  warning  'e' is defined but never used               no-unused-vars
  19:153655  warning  'e' is defined but never used               no-unused-vars

/home/runner/work/exp-estimation-of-proteins-dei/exp-estimation-of-proteins-dei/experiment/simulation/js/jquery.min.js
  2:58     warning  'module' is not defined                                                    no-undef
  2:73     warning  'module' is not defined                                                    no-undef
  2:6324   warning  Expected a conditional expression and instead saw an assignment            no-cond-assign
  2:6580   warning  Expected a conditional expression and instead saw an assignment            no-cond-assign
  2:7011   warning  Expected a conditional expression and instead saw an assignment            no-cond-assign
  2:7270   warning  Empty block statement                                                      no-empty
  2:7839   warning  Expected a conditional expression and instead saw an assignment            no-cond-assign
  2:9709   warning  Expected a conditional expression and instead saw an assignment            no-cond-assign
  2:11311  warning  Expected a conditional expression and instead saw an assignment            no-cond-assign
  2:11887  warning  Expected a conditional expression and instead saw an assignment            no-cond-assign
  2:11925  warning  Expected a conditional expression and instead saw an assignment            no-cond-assign
  2:12343  warning  Empty block statement                                                      no-empty
  2:12906  warning  Expected a conditional expression and instead saw an assignment            no-cond-assign
  2:13218  warning  Expected a conditional expression and instead saw an assignment            no-cond-assign
  2:15046  warning  Expected a conditional expression and instead saw an assignment            no-cond-assign
  2:15317  warning  Expected a conditional expression and instead saw an assignment            no-cond-assign
  2:15517  warning  Expected a conditional expression and instead saw an assignment            no-cond-assign
  2:15893  warning  Do not access Object.prototype method 'hasOwnProperty' from target object  no-prototype-builtins
  2:16598  warning  Expected a conditional expression and instead saw an assignment            no-cond-assign
  2:18982  warning  Expected a conditional expression and instead saw an assignment            no-cond-assign
  2:19073  warning  Expected a conditional expression and instead saw an assignment            no-cond-assign
  2:19133  warning  Expected a conditional expression and instead saw an assignment            no-cond-assign
  2:20435  warning  Expected a conditional expression and instead saw an assignment            no-cond-assign
  2:21049  warning  Expected a conditional expression and instead saw an assignment            no-cond-assign
  2:21160  warning  Expected a conditional expression and instead saw an assignment            no-cond-assign
  2:23420  warning  Unnecessary escape character: \[                                           no-useless-escape
  2:23422  warning  Unnecessary escape character: \.                                           no-useless-escape
  2:30761  warning  Empty block statement                                                      no-empty
  2:31981  warning  Empty block statement                                                      no-empty
  3:7811   warning  Expected a conditional expression and instead saw an assignment            no-cond-assign
  3:7951   warning  Expected a conditional expression and instead saw an assignment            no-cond-assign
  3:8441   warning  Empty block statement                                                      no-empty
  3:11852  warning  Empty block statement                                                      no-empty
  3:14493  warning  Empty block statement                                                      no-empty
  3:24051  warning  Empty block statement                                                      no-empty
  3:26100  warning  Move function declaration to function body root                            no-inner-declarations
  3:30714  warning  Empty block statement                                                      no-empty
  4:2546   warning  Expected a conditional expression and instead saw an assignment            no-cond-assign
  4:5062   warning  Expected a conditional expression and instead saw an assignment            no-cond-assign
  4:11701  warning  Expected a conditional expression and instead saw an assignment            no-cond-assign
  4:13447  warning  Empty block statement                                                      no-empty
  4:14747  warning  Expected a conditional expression and instead saw an assignment            no-cond-assign
  4:14827  warning  Expected a conditional expression and instead saw an assignment            no-cond-assign
  4:15164  warning  Expected a conditional expression and instead saw an assignment            no-cond-assign
  4:15244  warning  Expected a conditional expression and instead saw an assignment            no-cond-assign
  4:15659  warning  Expected a conditional expression and instead saw an assignment            no-cond-assign
  4:15915  warning  Expected a conditional expression and instead saw an assignment            no-cond-assign
  4:16492  warning  Unnecessary escape character: \/                                           no-useless-escape
  4:17365  warning  Unnecessary escape character: \/                                           no-useless-escape
  4:17377  warning  Unnecessary escape character: \/                                           no-useless-escape
  4:17610  warning  Expected a conditional expression and instead saw an assignment            no-cond-assign
  4:20109  warning  Expected a conditional expression and instead saw an assignment            no-cond-assign
  4:22009  warning  Expected a conditional expression and instead saw an assignment            no-cond-assign
  4:27128  warning  Empty block statement                                                      no-empty
  4:27205  warning  Empty block statement                                                      no-empty
  5:812    warning  'define' is not defined                                                    no-undef
  5:824    warning  'define' is not defined                                                    no-undef

✖ 90 problems (0 errors, 90 warnings)

